  Rank     Grid Num     Updating Properties(s)     Assembling(s)     Communication(collect)(s)     Communication(P2P)(s)     1AllReduce(OCPCheck)(s)     Newton Step(s)     Newton Step(c)(s)
     0         9072                      9.725            49.464                         2.674                     0.338                       1.078              1.797                 1.495
     1         8949                      9.019            48.975                         3.561                     0.343                       0.905              1.749                 1.449
     2         8959                      9.059            47.897                         4.676                     0.297                       0.950              1.723                 1.480
     3         8345                      8.930            38.502                        14.096                     0.365                       0.902              1.830                 1.519
     4         9002                      9.356            47.480                         4.519                     0.363                       0.842              1.865                 1.556
     5         8800                      8.749            47.735                         5.113                     0.349                       0.935              1.648                 1.424
     6         8900                      9.190            48.940                         3.458                     0.405                       0.966              1.765                 1.488
     7         8621                      8.792            42.025                        10.995                     0.372                       1.022              1.650                 1.403
     8         9078                      9.598            42.581                         9.217                     0.281                       0.868              1.745                 1.510
     9         8905                      9.266            44.454                         7.715                     0.374                       0.875              1.863                 1.544
    10         8740                      9.170            47.539                         4.967                     0.367                       0.949              1.791                 1.476
    11         8894                      9.245            41.401                        10.485                     0.392                       0.748              1.938                 1.606
    12         8953                      9.567            41.840                        10.016                     0.441                       0.879              1.920                 1.540
    13         9002                      9.235            41.212                        10.954                     0.528                       0.931              1.800                 1.495
    14         8976                      9.210            41.325                        10.492                     0.572                       0.772              1.903                 1.568
    15         8958                      9.029            43.397                         8.809                     0.468                       0.885              1.781                 1.533
    16         8789                      9.035            47.103                         5.184                     0.393                       0.810              1.843                 1.502
    17         8213                      8.662            37.877                        15.152                     0.348                       0.897              1.704                 1.408
    18         7712                      8.066            41.277                        12.793                     0.389                       1.042              1.666                 1.338
    19         8979                      9.442            41.342                        10.381                     0.404                       0.752              1.957                 1.617
    20         8715                      9.187            48.935                         3.359                     0.387                       0.875              1.856                 1.525
    21         8949                      9.069            40.680                        11.851                     0.403                       0.967              1.706                 1.440
    22         9004                      9.245            48.601                         3.485                     0.430                       0.872              1.833                 1.545
    23         8762                      8.827            47.626                         5.247                     0.412                       0.984              1.693                 1.419
    24         8931                      8.981            48.998                         3.692                     0.370                       0.970              1.781                 1.465
    25         9001                      9.026            49.400                         2.941                     0.445                       0.820              1.886                 1.505
    26         9000                      8.861            48.032                         4.815                     0.353                       0.951              1.745                 1.448
    27         8842                      8.834            47.170                         5.884                     0.306                       1.022              1.677                 1.427
    28         8949                      9.129            48.645                         4.047                     0.337                       1.041              1.757                 1.475

==================================================
Item                          Average     Varance         Max         Min
Grid Num                         8828         286        9078        7712
Updating Properties(s)          9.086       0.316       9.725       8.066
Assembling(s)                  45.188       3.659      49.464      37.877
Communication(collect)(s)       7.261       3.684      15.152       2.674
Communication(P2P)(s)           0.387       0.061       0.572       0.281
1AllReduce(OCPCheck)(s)         0.914       0.085       1.078       0.748
Newton Step(s)                  1.789       0.086       1.957       1.648
Newton Step(c)(s)               1.490       0.062       1.617       1.338
==================================================
Final time:                   3600.000( Day )
 - Avg time step size .......   10.526 (342 steps)
 - Avg Newton steps .........    3.889 (1330 succeeded + 74 wasted)
 - Avg linear steps .........    6.079 (8085 succeeded + 664 wasted)
Simulation time:                  831.091 (Seconds)
 - % Input & Partition .........    0.016 (0.134s)
 - % Partition - ParMetis ......    0.005 (0.043s)
 - % Input Reservoir ...........    0.006 (0.050s)
 - % Setup Simulator ...........    0.001 (0.008s)
 - % Initialization ............    0.005 (0.039s)
 - % Assembling ................    5.952 (49.464s)
 - % Assembling for LS interface    0.598 (4.968s)
 - % Linear Solver .............   91.628 (761.515s)
 - % Newton Step ...............    0.216 (1.797s)
 - % Updating Properties .......    1.170 (9.725s)
 - % Output ....................    0.044 (0.366s)
==================================================

OBJECT TIME:    94.413 s 

